2016-06-28 16:45:59 Debug: permission: actionUrl-clients/add
2016-06-28 20:31:35 Debug: permission: actionUrl-clients/add
2016-06-29 11:36:09 Debug: permission: actionUrl-clients/index
2016-06-29 15:38:06 Debug: permission: actionUrl-Personals/index
2016-06-30 12:20:23 Debug: permission: actionUrl-projects/edit
2016-06-30 16:26:50 Debug: permission: actionUrl-egresos/index
2016-07-01 03:46:30 Debug: permission: actionUrl-clients/view
2016-07-11 14:39:14 Debug: permission: actionUrl-start/balance
2016-07-13 16:40:41 Debug: permission: actionUrl-cargos/index
2016-07-18 12:54:02 Debug: permission: actionUrl-personals/view
2016-07-18 17:25:03 Debug: permission: actionUrl-projects/index
2016-07-19 12:04:12 Debug: permission: actionUrl-projects/add
2016-07-19 16:22:18 Debug: permission: actionUrl-projects/add
2016-07-20 12:04:13 Debug: permission: actionUrl-projects/add
2016-07-20 16:04:50 Debug: permission: actionUrl-ingresos/index
2016-07-21 15:26:01 Debug: permission: actionUrl-projects/add
2016-07-21 21:46:35 Debug: permission: actionUrl-projects/view
2016-07-25 17:02:09 Debug: permission: actionUrl-projects/view
2016-07-26 09:30:32 Debug: permission: actionUrl-projects/index
2016-07-26 16:00:56 Debug: permission: actionUrl-projects/view
2016-07-27 08:54:53 Debug: permission: actionUrl-projects/imprimir
2016-07-27 12:58:21 Debug: permission: actionUrl-projects/view
2016-08-22 16:12:04 Debug: permission: actionUrl-payments/index
2016-08-22 16:13:31 Debug: permission: actionUrl-payments/index
2016-08-22 16:14:40 Debug: permission: actionUrl-Cargos/index
2016-08-22 16:14:50 Debug: permission: actionUrl-payments/index
2016-08-22 16:15:43 Debug: permission: actionUrl-payments/index
2016-08-22 16:18:17 Debug: permission: actionUrl-payments/index
2016-08-22 16:18:42 Debug: permission: actionUrl-payments/index
2016-08-22 16:20:57 Debug: permission: actionUrl-payments/index
2016-08-22 16:22:51 Debug: permission: actionUrl-payments/index
2016-08-22 16:26:45 Debug: permission: actionUrl-user_group_permissions/index
2016-08-23 11:38:11 Debug: permission: actionUrl-payments/pay
2016-08-23 16:25:21 Debug: permission: actionUrl-payments/pay
2016-08-24 13:17:48 Debug: permission: actionUrl-payments/pay
2016-08-26 13:26:02 Debug: permission: actionUrl-payments/pay
2016-08-26 15:58:06 Debug: permission: actionUrl-payments/pay
2016-08-26 17:52:49 Debug: permission: actionUrl-payments/pay
2016-08-29 13:45:18 Debug: permission: actionUrl-payments/pay
2016-08-29 16:50:32 Debug: permission: actionUrl-payments/confirm_mercadopago
2016-08-29 16:50:46 Debug: permission: actionUrl-user_group_permissions/index
2016-08-30 09:05:52 Debug: permission: actionUrl-payments/success
2016-08-30 10:54:11 Debug: permission: actionUrl-payments/carrito
2016-09-05 14:32:43 Debug: permission: actionUrl-payments/index
2016-09-05 15:33:28 Debug: permission: actionUrl-payments/index
2016-09-09 17:20:33 Debug: permission: actionUrl-projects/imprimir
2016-09-19 18:42:28 Debug: permission: actionUrl-works/type
2016-11-18 08:20:38 Debug: permission: actionUrl-start/test
2016-11-18 08:28:00 Debug: permission: actionUrl-start/test
